生成启动时间为 2014/8/19 13:27:08。
     1>项目“I:\project\featuretracking\Time-Varying Volume-graphInfo\proj\SciVisFw.vcxproj”在节点 2 上(Build 个目标)。
     1>ClCompile:
         I:\software\Work\vs\VC\bin\x86_amd64\CL.exe /c /I.\GeneratedFiles /IC:\Qt\Qt5.1.1\5.1.1\msvc2012_64_opengl\bin /I.\ext /I.\src /I. /I\include /IC:\Qt\Qt5.1.1\5.1.1\msvc2012_64_opengl\include /I.\GeneratedFiles\Debug /IC:\Qt\Qt5.1.1\5.1.1\msvc2012_64_opengl\include\QtCore /IC:\Qt\Qt5.1.1\5.1.1\msvc2012_64_opengl\include\QtGui /IC:\Qt\Qt5.1.1\5.1.1\msvc2012_64_opengl\include\QtOpenGL /IC:\Qt\Qt5.1.1\5.1.1\msvc2012_64_opengl\include\QtWidgets /I.\src\package\ColorVolTF /Zi /nologo /W1 /WX- /Od /D _CONSOLE /D QT_CORE_LIB /D QT_DLL /D QT_GUI_LIB /D QT_LARGEFILE_SUPPORT /D QT_OPENGL_LIB /D UNICODE /D WIN32 /D WIN64 /D QT_WIDGETS_LIB /D QWT_DLL /Gm- /EHsc /MDd /GS /fp:precise /Zc:wchar_t- /Zc:forScope /Fo"I:\project\featuretracking\Time-Varying Volume-graphInfo\proj\x64\Debug\\" /Fd"I:\project\featuretracking\Time-Varying Volume-graphInfo\proj\x64\Debug\vc110.pdb" /Gd /TP /errorReport:prompt src\package\VarSelect\VarSelect_MainWin.cpp
         VarSelect_MainWin.cpp
       Link:
         I:\software\Work\vs\VC\bin\x86_amd64\link.exe /ERRORREPORT:PROMPT /OUT:"I:\project\featuretracking\Time-Varying Volume-graphInfo\proj\x64\Debug\Time-Varying Volume.exe" /NOLOGO /LIBPATH:C:\Qt\Qt5.1.1\5.1.1\msvc2012_64_opengl\bin /LIBPATH:\lib /LIBPATH:C:\Qt\Qt5.1.1\5.1.1\msvc2012_64_opengl\lib /LIBPATH:.\ext\imdebug qtmaind.lib Qt5Cored.lib Qt5Guid.lib Qt5OpenGLd.lib opengl32.lib glu32.lib glew32.lib Qt5Widgetsd.lib imdebug.lib kernel32.lib user32.lib gdi32.lib winspool.lib comdlg32.lib advapi32.lib shell32.lib ole32.lib oleaut32.lib uuid.lib odbc32.lib odbccp32.lib /MANIFEST /MANIFESTUAC:"level='asInvoker' uiAccess='false'" /manifest:embed /DEBUG /PDB:"I:\project\featuretracking\Time-Varying Volume-graphInfo\proj\x64\Debug\Time-Varying Volume.pdb" /SUBSYSTEM:CONSOLE /TLBID:1 /DYNAMICBASE /NXCOMPAT /IMPLIB:"I:\project\featuretracking\Time-Varying Volume-graphInfo\proj\x64\Debug\Time-Varying Volume.lib" /MACHINE:X64 "I:\project\featuretracking\Time-Varying Volume-graphInfo\proj\x64\Debug\SciVisFw.res"
         "I:\project\featuretracking\Time-Varying Volume-graphInfo\proj\x64\Debug\moc_CanvasBrushPicker.obj"
         "I:\project\featuretracking\Time-Varying Volume-graphInfo\proj\x64\Debug\moc_CanvasPicker.obj"
         "I:\project\featuretracking\Time-Varying Volume-graphInfo\proj\x64\Debug\moc_CanvasPolygonPicker.obj"
         "I:\project\featuretracking\Time-Varying Volume-graphInfo\proj\x64\Debug\moc_EvolutionGraphWidget.obj"
         "I:\project\featuretracking\Time-Varying Volume-graphInfo\proj\x64\Debug\moc_HistogramPainter.obj"
         "I:\project\featuretracking\Time-Varying Volume-graphInfo\proj\x64\Debug\moc_LightParameterWidget.obj"
         "I:\project\featuretracking\Time-Varying Volume-graphInfo\proj\x64\Debug\moc_ScatterPlot.obj"
         "I:\project\featuretracking\Time-Varying Volume-graphInfo\proj\x64\Debug\moc_ScatterPlotCalc.obj"
         "I:\project\featuretracking\Time-Varying Volume-graphInfo\proj\x64\Debug\moc_ScatterPlotMatrix.obj"
         "I:\project\featuretracking\Time-Varying Volume-graphInfo\proj\x64\Debug\moc_ScatterPlotWidget.obj"
         "I:\project\featuretracking\Time-Varying Volume-graphInfo\proj\x64\Debug\moc_timeSelect.obj"
         "I:\project\featuretracking\Time-Varying Volume-graphInfo\proj\x64\Debug\moc_VarSelect_MainWin.obj"
         "I:\project\featuretracking\Time-Varying Volume-graphInfo\proj\x64\Debug\moc_ViewSphereRender.obj"
         "I:\project\featuretracking\Time-Varying Volume-graphInfo\proj\x64\Debug\moc_VolumeLightingRender.obj"
         "I:\project\featuretracking\Time-Varying Volume-graphInfo\proj\x64\Debug\moc_VolumeLightingRender2DTF.obj"
         "I:\project\featuretracking\Time-Varying Volume-graphInfo\proj\x64\Debug\dag.obj"
         "I:\project\featuretracking\Time-Varying Volume-graphInfo\proj\x64\Debug\GradientCalculator.obj"
         "I:\project\featuretracking\Time-Varying Volume-graphInfo\proj\x64\Debug\PosCalculator.obj"
         "I:\project\featuretracking\Time-Varying Volume-graphInfo\proj\x64\Debug\main.obj"
         "I:\project\featuretracking\Time-Varying Volume-graphInfo\proj\x64\Debug\timeSelect.obj"
         "I:\project\featuretracking\Time-Varying Volume-graphInfo\proj\x64\Debug\CanvasBrushPicker.obj"
         "I:\project\featuretracking\Time-Varying Volume-graphInfo\proj\x64\Debug\CanvasPolygonPicker.obj"
         "I:\project\featuretracking\Time-Varying Volume-graphInfo\proj\x64\Debug\EvolutionGraphWidget.obj"
         "I:\project\featuretracking\Time-Varying Volume-graphInfo\proj\x64\Debug\ScatterPlotWidget.obj"
         "I:\project\featuretracking\Time-Varying Volume-graphInfo\proj\x64\Debug\ScatterPlotCalc.obj"
         "I:\project\featuretracking\Time-Varying Volume-graphInfo\proj\x64\Debug\ScatterPlot.obj"
         "I:\project\featuretracking\Time-Varying Volume-graphInfo\proj\x64\Debug\ScatterPlotMatrix.obj"
         "I:\project\featuretracking\Time-Varying Volume-graphInfo\proj\x64\Debug\VarSelect_MainWin.obj"
         "I:\project\featuretracking\Time-Varying Volume-graphInfo\proj\x64\Debug\VolumeLightingRender2DTF.obj"
         "I:\project\featuretracking\Time-Varying Volume-graphInfo\proj\x64\Debug\VolumeLightingRender.obj"
         "I:\project\featuretracking\Time-Varying Volume-graphInfo\proj\x64\Debug\HistogramPainter.obj"
         "I:\project\featuretracking\Time-Varying Volume-graphInfo\proj\x64\Debug\IntensityHistogram.obj"
         "I:\project\featuretracking\Time-Varying Volume-graphInfo\proj\x64\Debug\LightParameterWidget.obj"
         "I:\project\featuretracking\Time-Varying Volume-graphInfo\proj\x64\Debug\ArcBall.obj"
         "I:\project\featuretracking\Time-Varying Volume-graphInfo\proj\x64\Debug\Camera.obj"
         "I:\project\featuretracking\Time-Varying Volume-graphInfo\proj\x64\Debug\framebufferObject.obj"
         "I:\project\featuretracking\Time-Varying Volume-graphInfo\proj\x64\Debug\func.color.obj"
         "I:\project\featuretracking\Time-Varying Volume-graphInfo\proj\x64\Debug\func.matrix.obj"
         "I:\project\featuretracking\Time-Varying Volume-graphInfo\proj\x64\Debug\Functions.obj"
         "I:\project\featuretracking\Time-Varying Volume-graphInfo\proj\x64\Debug\log.obj"
         "I:\project\featuretracking\Time-Varying Volume-graphInfo\proj\x64\Debug\observer.obj"
         "I:\project\featuretracking\Time-Varying Volume-graphInfo\proj\x64\Debug\Quaternion.obj"
         "I:\project\featuretracking\Time-Varying Volume-graphInfo\proj\x64\Debug\Shader.obj"
         "I:\project\featuretracking\Time-Varying Volume-graphInfo\proj\x64\Debug\ShaderProgram.obj"
         "I:\project\featuretracking\Time-Varying Volume-graphInfo\proj\x64\Debug\Texture.obj"
         "I:\project\featuretracking\Time-Varying Volume-graphInfo\proj\x64\Debug\ViewSphereRender.obj"
         "I:\project\featuretracking\Time-Varying Volume-graphInfo\proj\x64\Debug\VolumeRender.obj"
         "I:\project\featuretracking\Time-Varying Volume-graphInfo\proj\x64\Debug\CameraLink.obj"
         "I:\project\featuretracking\Time-Varying Volume-graphInfo\proj\x64\Debug\MainWin.obj"
         "I:\project\featuretracking\Time-Varying Volume-graphInfo\proj\x64\Debug\QGLCanvas.obj"
         "I:\project\featuretracking\Time-Varying Volume-graphInfo\proj\x64\Debug\Volume.obj"
         "I:\project\featuretracking\Time-Varying Volume-graphInfo\proj\x64\Debug\TF1D.obj"
         "I:\project\featuretracking\Time-Varying Volume-graphInfo\proj\x64\Debug\TF1DCanvas.obj"
         "I:\project\featuretracking\Time-Varying Volume-graphInfo\proj\x64\Debug\TF1DWidget.obj"
         "I:\project\featuretracking\Time-Varying Volume-graphInfo\proj\x64\Debug\qrc_mainwin.obj"
         "I:\project\featuretracking\Time-Varying Volume-graphInfo\proj\x64\Debug\moc_mainwin.obj"
         "I:\project\featuretracking\Time-Varying Volume-graphInfo\proj\x64\Debug\moc_QGLCanvas.obj"
         "I:\project\featuretracking\Time-Varying Volume-graphInfo\proj\x64\Debug\moc_TF1DCanvas.obj"
         "I:\project\featuretracking\Time-Varying Volume-graphInfo\proj\x64\Debug\moc_TF1DWidget.obj"
         "I:\project\featuretracking\Time-Varying Volume-graphInfo\proj\x64\Debug\moc_VolumeRender.obj"
         "I:\project\featuretracking\Time-Varying Volume-graphInfo\proj\x64\Debug\chealpix.obj"
         SciVisFw.vcxproj -> I:\project\featuretracking\Time-Varying Volume-graphInfo\proj\x64\Debug\Time-Varying Volume.exe
     1>已完成生成项目“I:\project\featuretracking\Time-Varying Volume-graphInfo\proj\SciVisFw.vcxproj”(Build 个目标)的操作。

生成成功。

已用时间 00:00:02.37
