E:\PROJECTS\VISUAL C++_PROJECTS\VS2012\TFSELECTION - 副本\PROJ\X64\DEBUG\SCATTERPLOTCALC.OBJ
E:\PROJECTS\VISUAL C++_PROJECTS\VS2012\TFSELECTION - 副本\PROJ\X64\DEBUG\SCATTERPLOTWIDGET.OBJ
E:\PROJECTS\VISUAL C++_PROJECTS\VS2012\TFSELECTION - 副本\PROJ\X64\DEBUG\CANVASPOLYGONPICKER.OBJ
E:\PROJECTS\VISUAL C++_PROJECTS\VS2012\TFSELECTION - 副本\PROJ\X64\DEBUG\CANVASBRUSHPICKER.OBJ
E:\PROJECTS\VISUAL C++_PROJECTS\VS2012\TFSELECTION - 副本\PROJ\X64\DEBUG\MAIN.OBJ
E:\PROJECTS\VISUAL C++_PROJECTS\VS2012\TFSELECTION - 副本\PROJ\X64\DEBUG\GRADIENTCALCULATOR.OBJ
E:\PROJECTS\VISUAL C++_PROJECTS\VS2012\TFSELECTION - 副本\PROJ\X64\DEBUG\MOC_VOLUMELIGHTINGRENDER2DTF.OBJ
E:\PROJECTS\VISUAL C++_PROJECTS\VS2012\TFSELECTION - 副本\PROJ\X64\DEBUG\MOC_VOLUMELIGHTINGRENDER.OBJ
E:\PROJECTS\VISUAL C++_PROJECTS\VS2012\TFSELECTION - 副本\PROJ\X64\DEBUG\MOC_VIEWSPHERERENDER.OBJ
E:\PROJECTS\VISUAL C++_PROJECTS\VS2012\TFSELECTION - 副本\PROJ\X64\DEBUG\MOC_VARSELECT_MAINWIN.OBJ
E:\PROJECTS\VISUAL C++_PROJECTS\VS2012\TFSELECTION - 副本\PROJ\X64\DEBUG\MOC_SCATTERPLOTWIDGET.OBJ
E:\PROJECTS\VISUAL C++_PROJECTS\VS2012\TFSELECTION - 副本\PROJ\X64\DEBUG\MOC_SCATTERPLOTMATRIX.OBJ
E:\PROJECTS\VISUAL C++_PROJECTS\VS2012\TFSELECTION - 副本\PROJ\X64\DEBUG\MOC_SCATTERPLOTCALC.OBJ
E:\PROJECTS\VISUAL C++_PROJECTS\VS2012\TFSELECTION - 副本\PROJ\X64\DEBUG\MOC_SCATTERPLOT.OBJ
E:\PROJECTS\VISUAL C++_PROJECTS\VS2012\TFSELECTION - 副本\PROJ\X64\DEBUG\MOC_LIGHTPARAMETERWIDGET.OBJ
E:\PROJECTS\VISUAL C++_PROJECTS\VS2012\TFSELECTION - 副本\PROJ\X64\DEBUG\MOC_HISTOGRAMPAINTER.OBJ
E:\PROJECTS\VISUAL C++_PROJECTS\VS2012\TFSELECTION - 副本\PROJ\X64\DEBUG\MOC_CANVASPOLYGONPICKER.OBJ
E:\PROJECTS\VISUAL C++_PROJECTS\VS2012\TFSELECTION - 副本\PROJ\X64\DEBUG\MOC_CANVASPICKER.OBJ
E:\PROJECTS\VISUAL C++_PROJECTS\VS2012\TFSELECTION - 副本\PROJ\X64\DEBUG\MOC_CANVASBRUSHPICKER.OBJ
E:\PROJECTS\VISUAL C++_PROJECTS\VS2012\TFSELECTION - 副本\PROJ\X64\DEBUG\CAL_FEATURE.OBJ
E:\PROJECTS\VISUAL C++_PROJECTS\VS2012\TFSELECTION - 副本\PROJ\X64\DEBUG\TEXTURE.OBJ
E:\PROJECTS\VISUAL C++_PROJECTS\VS2012\TFSELECTION - 副本\PROJ\X64\DEBUG\SHADERPROGRAM.OBJ
E:\PROJECTS\VISUAL C++_PROJECTS\VS2012\TFSELECTION - 副本\PROJ\X64\DEBUG\SHADER.OBJ
E:\PROJECTS\VISUAL C++_PROJECTS\VS2012\TFSELECTION - 副本\PROJ\X64\DEBUG\QUATERNION.OBJ
E:\PROJECTS\VISUAL C++_PROJECTS\VS2012\TFSELECTION - 副本\PROJ\X64\DEBUG\OBSERVER.OBJ
E:\PROJECTS\VISUAL C++_PROJECTS\VS2012\TFSELECTION - 副本\PROJ\X64\DEBUG\LOG.OBJ
E:\PROJECTS\VISUAL C++_PROJECTS\VS2012\TFSELECTION - 副本\PROJ\X64\DEBUG\FUNCTIONS.OBJ
E:\PROJECTS\VISUAL C++_PROJECTS\VS2012\TFSELECTION - 副本\PROJ\X64\DEBUG\FUNC.MATRIX.OBJ
E:\PROJECTS\VISUAL C++_PROJECTS\VS2012\TFSELECTION - 副本\PROJ\X64\DEBUG\FUNC.COLOR.OBJ
E:\PROJECTS\VISUAL C++_PROJECTS\VS2012\TFSELECTION - 副本\PROJ\X64\DEBUG\FRAMEBUFFEROBJECT.OBJ
E:\PROJECTS\VISUAL C++_PROJECTS\VS2012\TFSELECTION - 副本\PROJ\X64\DEBUG\CAMERA.OBJ
E:\PROJECTS\VISUAL C++_PROJECTS\VS2012\TFSELECTION - 副本\PROJ\X64\DEBUG\ARCBALL.OBJ
E:\PROJECTS\VISUAL C++_PROJECTS\VS2012\TFSELECTION - 副本\PROJ\X64\DEBUG\LIGHTPARAMETERWIDGET.OBJ
E:\PROJECTS\VISUAL C++_PROJECTS\VS2012\TFSELECTION - 副本\PROJ\X64\DEBUG\INTENSITYHISTOGRAM.OBJ
E:\PROJECTS\VISUAL C++_PROJECTS\VS2012\TFSELECTION - 副本\PROJ\X64\DEBUG\HISTOGRAMPAINTER.OBJ
E:\PROJECTS\VISUAL C++_PROJECTS\VS2012\TFSELECTION - 副本\PROJ\X64\DEBUG\VOLUMELIGHTINGRENDER.OBJ
E:\PROJECTS\VISUAL C++_PROJECTS\VS2012\TFSELECTION - 副本\PROJ\X64\DEBUG\VOLUMELIGHTINGRENDER2DTF.OBJ
E:\PROJECTS\VISUAL C++_PROJECTS\VS2012\TFSELECTION - 副本\PROJ\X64\DEBUG\VARSELECT_MAINWIN.OBJ
E:\PROJECTS\VISUAL C++_PROJECTS\VS2012\TFSELECTION - 副本\PROJ\X64\DEBUG\SCATTERPLOTMATRIX.OBJ
E:\PROJECTS\VISUAL C++_PROJECTS\VS2012\TFSELECTION - 副本\PROJ\X64\DEBUG\SCATTERPLOT.OBJ
E:\PROJECTS\VISUAL C++_PROJECTS\VS2012\TFSELECTION - 副本\PROJ\X64\DEBUG\CHEALPIX.OBJ
E:\PROJECTS\VISUAL C++_PROJECTS\VS2012\TFSELECTION - 副本\PROJ\X64\DEBUG\MOC_VOLUMERENDER.OBJ
E:\PROJECTS\VISUAL C++_PROJECTS\VS2012\TFSELECTION - 副本\PROJ\X64\DEBUG\MOC_TF1DWIDGET.OBJ
E:\PROJECTS\VISUAL C++_PROJECTS\VS2012\TFSELECTION - 副本\PROJ\X64\DEBUG\MOC_TF1DCANVAS.OBJ
E:\PROJECTS\VISUAL C++_PROJECTS\VS2012\TFSELECTION - 副本\PROJ\X64\DEBUG\MOC_QGLCANVAS.OBJ
E:\PROJECTS\VISUAL C++_PROJECTS\VS2012\TFSELECTION - 副本\PROJ\X64\DEBUG\MOC_MAINWIN.OBJ
E:\PROJECTS\VISUAL C++_PROJECTS\VS2012\TFSELECTION - 副本\PROJ\X64\DEBUG\TF1DWIDGET.OBJ
E:\PROJECTS\VISUAL C++_PROJECTS\VS2012\TFSELECTION - 副本\PROJ\X64\DEBUG\TF1DCANVAS.OBJ
E:\PROJECTS\VISUAL C++_PROJECTS\VS2012\TFSELECTION - 副本\PROJ\X64\DEBUG\TF1D.OBJ
E:\PROJECTS\VISUAL C++_PROJECTS\VS2012\TFSELECTION - 副本\PROJ\X64\DEBUG\VOLUME.OBJ
E:\PROJECTS\VISUAL C++_PROJECTS\VS2012\TFSELECTION - 副本\PROJ\X64\DEBUG\QGLCANVAS.OBJ
E:\PROJECTS\VISUAL C++_PROJECTS\VS2012\TFSELECTION - 副本\PROJ\X64\DEBUG\MAINWIN.OBJ
E:\PROJECTS\VISUAL C++_PROJECTS\VS2012\TFSELECTION - 副本\PROJ\X64\DEBUG\CAMERALINK.OBJ
E:\PROJECTS\VISUAL C++_PROJECTS\VS2012\TFSELECTION - 副本\PROJ\X64\DEBUG\VOLUMERENDER.OBJ
E:\PROJECTS\VISUAL C++_PROJECTS\VS2012\TFSELECTION - 副本\PROJ\X64\DEBUG\VIEWSPHERERENDER.OBJ
E:\PROJECTS\VISUAL C++_PROJECTS\VS2012\TFSELECTION - 副本\PROJ\X64\DEBUG\VC110.PDB
E:\PROJECTS\VISUAL C++_PROJECTS\VS2012\TFSELECTION - 副本\PROJ\X64\DEBUG\QRC_MAINWIN.OBJ
E:\PROJECTS\VISUAL C++_PROJECTS\VS2012\TFSELECTION - 副本\PROJ\X64\DEBUG\TIMESELECT.OBJ
E:\PROJECTS\VISUAL C++_PROJECTS\VS2012\TFSELECTION - 副本\PROJ\X64\DEBUG\MOC_TIMESELECT.OBJ
E:\PROJECTS\VISUAL C++_PROJECTS\VS2012\TFSELECTION - 副本\PROJ\GENERATEDFILES\DEBUG\MOC_LIGHTPARAMETERWIDGET.CPP
E:\PROJECTS\VISUAL C++_PROJECTS\VS2012\TFSELECTION - 副本\PROJ\GENERATEDFILES\DEBUG\MOC_VOLUMELIGHTINGRENDER.CPP
E:\PROJECTS\VISUAL C++_PROJECTS\VS2012\TFSELECTION - 副本\PROJ\GENERATEDFILES\DEBUG\MOC_VIEWSPHERERENDER.CPP
E:\PROJECTS\VISUAL C++_PROJECTS\VS2012\TFSELECTION - 副本\PROJ\GENERATEDFILES\DEBUG\MOC_HISTOGRAMPAINTER.CPP
E:\PROJECTS\VISUAL C++_PROJECTS\VS2012\TFSELECTION - 副本\PROJ\GENERATEDFILES\DEBUG\MOC_MAINWIN.CPP
E:\PROJECTS\VISUAL C++_PROJECTS\VS2012\TFSELECTION - 副本\PROJ\GENERATEDFILES\DEBUG\MOC_QGLCANVAS.CPP
E:\PROJECTS\VISUAL C++_PROJECTS\VS2012\TFSELECTION - 副本\PROJ\GENERATEDFILES\DEBUG\MOC_VOLUMERENDER.CPP
E:\PROJECTS\VISUAL C++_PROJECTS\VS2012\TFSELECTION - 副本\PROJ\GENERATEDFILES\DEBUG\MOC_TF1DCANVAS.CPP
E:\PROJECTS\VISUAL C++_PROJECTS\VS2012\TFSELECTION - 副本\PROJ\GENERATEDFILES\DEBUG\MOC_TF1DWIDGET.CPP
E:\PROJECTS\VISUAL C++_PROJECTS\VS2012\TFSELECTION - 副本\PROJ\GENERATEDFILES\UI_TF1DWIDGET.H
E:\PROJECTS\VISUAL C++_PROJECTS\VS2012\TFSELECTION - 副本\PROJ\GENERATEDFILES\QRC_MAINWIN.CPP
E:\PROJECTS\VISUAL C++_PROJECTS\VS2012\TFSELECTION - 副本\PROJ\GENERATEDFILES\UI_LIGHTPARAMETERWIDGET.H
E:\PROJECTS\VISUAL C++_PROJECTS\VS2012\TFSELECTION - 副本\PROJ\GENERATEDFILES\DEBUG\MOC_SCATTERPLOTMATRIX.CPP
E:\PROJECTS\VISUAL C++_PROJECTS\VS2012\TFSELECTION - 副本\PROJ\GENERATEDFILES\DEBUG\MOC_VARSELECT_MAINWIN.CPP
E:\PROJECTS\VISUAL C++_PROJECTS\VS2012\TFSELECTION - 副本\PROJ\GENERATEDFILES\DEBUG\MOC_SCATTERPLOTCALC.CPP
E:\PROJECTS\VISUAL C++_PROJECTS\VS2012\TFSELECTION - 副本\PROJ\GENERATEDFILES\DEBUG\MOC_CANVASBRUSHPICKER.CPP
E:\PROJECTS\VISUAL C++_PROJECTS\VS2012\TFSELECTION - 副本\PROJ\GENERATEDFILES\DEBUG\MOC_SCATTERPLOT.CPP
E:\PROJECTS\VISUAL C++_PROJECTS\VS2012\TFSELECTION - 副本\PROJ\GENERATEDFILES\DEBUG\MOC_TIMESELECT.CPP
E:\PROJECTS\VISUAL C++_PROJECTS\VS2012\TFSELECTION - 副本\PROJ\GENERATEDFILES\DEBUG\MOC_VOLUMELIGHTINGRENDER2DTF.CPP
E:\PROJECTS\VISUAL C++_PROJECTS\VS2012\TFSELECTION - 副本\PROJ\GENERATEDFILES\DEBUG\MOC_CANVASPOLYGONPICKER.CPP
E:\PROJECTS\VISUAL C++_PROJECTS\VS2012\TFSELECTION - 副本\PROJ\GENERATEDFILES\DEBUG\MOC_SCATTERPLOTWIDGET.CPP
E:\PROJECTS\VISUAL C++_PROJECTS\VS2012\TFSELECTION - 副本\PROJ\GENERATEDFILES\DEBUG\MOC_CANVASPICKER.CPP
E:\PROJECTS\VISUAL C++_PROJECTS\VS2012\TFSELECTION - 副本\PROJ\X64\DEBUG\SCIVISFW.RES
E:\projects\visual c++_projects\vs2012\TFSelection - 副本\proj\x64\Debug\ArcBall.obj
E:\projects\visual c++_projects\vs2012\TFSelection - 副本\proj\x64\Debug\cal_feature.obj
E:\projects\visual c++_projects\vs2012\TFSelection - 副本\proj\x64\Debug\Camera.obj
E:\projects\visual c++_projects\vs2012\TFSelection - 副本\proj\x64\Debug\CameraLink.obj
E:\projects\visual c++_projects\vs2012\TFSelection - 副本\proj\x64\Debug\CanvasBrushPicker.obj
E:\projects\visual c++_projects\vs2012\TFSelection - 副本\proj\x64\Debug\CanvasPolygonPicker.obj
E:\projects\visual c++_projects\vs2012\TFSelection - 副本\proj\x64\Debug\chealpix.obj
E:\projects\visual c++_projects\vs2012\TFSelection - 副本\proj\x64\Debug\framebufferObject.obj
E:\projects\visual c++_projects\vs2012\TFSelection - 副本\proj\x64\Debug\func.color.obj
E:\projects\visual c++_projects\vs2012\TFSelection - 副本\proj\x64\Debug\func.matrix.obj
E:\projects\visual c++_projects\vs2012\TFSelection - 副本\proj\x64\Debug\Functions.obj
E:\projects\visual c++_projects\vs2012\TFSelection - 副本\proj\x64\Debug\GradientCalculator.obj
E:\projects\visual c++_projects\vs2012\TFSelection - 副本\proj\x64\Debug\HistogramPainter.obj
E:\projects\visual c++_projects\vs2012\TFSelection - 副本\proj\x64\Debug\IntensityHistogram.obj
E:\projects\visual c++_projects\vs2012\TFSelection - 副本\proj\x64\Debug\LightParameterWidget.obj
E:\projects\visual c++_projects\vs2012\TFSelection - 副本\proj\x64\Debug\log.obj
E:\projects\visual c++_projects\vs2012\TFSelection - 副本\proj\x64\Debug\main.obj
E:\projects\visual c++_projects\vs2012\TFSelection - 副本\proj\x64\Debug\MainWin.obj
E:\projects\visual c++_projects\vs2012\TFSelection - 副本\proj\x64\Debug\moc_CanvasBrushPicker.obj
E:\projects\visual c++_projects\vs2012\TFSelection - 副本\proj\x64\Debug\moc_CanvasPicker.obj
E:\projects\visual c++_projects\vs2012\TFSelection - 副本\proj\x64\Debug\moc_CanvasPolygonPicker.obj
E:\projects\visual c++_projects\vs2012\TFSelection - 副本\proj\x64\Debug\moc_HistogramPainter.obj
E:\projects\visual c++_projects\vs2012\TFSelection - 副本\proj\x64\Debug\moc_LightParameterWidget.obj
E:\projects\visual c++_projects\vs2012\TFSelection - 副本\proj\x64\Debug\moc_mainwin.obj
E:\projects\visual c++_projects\vs2012\TFSelection - 副本\proj\x64\Debug\moc_QGLCanvas.obj
E:\projects\visual c++_projects\vs2012\TFSelection - 副本\proj\x64\Debug\moc_ScatterPlot.obj
E:\projects\visual c++_projects\vs2012\TFSelection - 副本\proj\x64\Debug\moc_ScatterPlotCalc.obj
E:\projects\visual c++_projects\vs2012\TFSelection - 副本\proj\x64\Debug\moc_ScatterPlotMatrix.obj
E:\projects\visual c++_projects\vs2012\TFSelection - 副本\proj\x64\Debug\moc_ScatterPlotWidget.obj
E:\projects\visual c++_projects\vs2012\TFSelection - 副本\proj\x64\Debug\moc_TF1DCanvas.obj
E:\projects\visual c++_projects\vs2012\TFSelection - 副本\proj\x64\Debug\moc_TF1DWidget.obj
E:\projects\visual c++_projects\vs2012\TFSelection - 副本\proj\x64\Debug\moc_timeSelect.obj
E:\projects\visual c++_projects\vs2012\TFSelection - 副本\proj\x64\Debug\moc_VarSelect_MainWin.obj
E:\projects\visual c++_projects\vs2012\TFSelection - 副本\proj\x64\Debug\moc_ViewSphereRender.obj
E:\projects\visual c++_projects\vs2012\TFSelection - 副本\proj\x64\Debug\moc_VolumeLightingRender.obj
E:\projects\visual c++_projects\vs2012\TFSelection - 副本\proj\x64\Debug\moc_VolumeLightingRender2DTF.obj
E:\projects\visual c++_projects\vs2012\TFSelection - 副本\proj\x64\Debug\moc_VolumeRender.obj
E:\projects\visual c++_projects\vs2012\TFSelection - 副本\proj\x64\Debug\observer.obj
E:\projects\visual c++_projects\vs2012\TFSelection - 副本\proj\x64\Debug\QGLCanvas.obj
E:\projects\visual c++_projects\vs2012\TFSelection - 副本\proj\x64\Debug\qrc_mainwin.obj
E:\projects\visual c++_projects\vs2012\TFSelection - 副本\proj\x64\Debug\Quaternion.obj
E:\projects\visual c++_projects\vs2012\TFSelection - 副本\proj\x64\Debug\ScatterPlot.obj
E:\projects\visual c++_projects\vs2012\TFSelection - 副本\proj\x64\Debug\ScatterPlotCalc.obj
E:\projects\visual c++_projects\vs2012\TFSelection - 副本\proj\x64\Debug\ScatterPlotMatrix.obj
E:\projects\visual c++_projects\vs2012\TFSelection - 副本\proj\x64\Debug\ScatterPlotWidget.obj
E:\projects\visual c++_projects\vs2012\TFSelection - 副本\proj\x64\Debug\Shader.obj
E:\projects\visual c++_projects\vs2012\TFSelection - 副本\proj\x64\Debug\ShaderProgram.obj
E:\projects\visual c++_projects\vs2012\TFSelection - 副本\proj\x64\Debug\Texture.obj
E:\projects\visual c++_projects\vs2012\TFSelection - 副本\proj\x64\Debug\TF1D.obj
E:\projects\visual c++_projects\vs2012\TFSelection - 副本\proj\x64\Debug\TF1DCanvas.obj
E:\projects\visual c++_projects\vs2012\TFSelection - 副本\proj\x64\Debug\TF1DWidget.obj
E:\projects\visual c++_projects\vs2012\TFSelection - 副本\proj\x64\Debug\timeSelect.obj
E:\projects\visual c++_projects\vs2012\TFSelection - 副本\proj\x64\Debug\VarSelect_MainWin.obj
E:\projects\visual c++_projects\vs2012\TFSelection - 副本\proj\x64\Debug\ViewSphereRender.obj
E:\projects\visual c++_projects\vs2012\TFSelection - 副本\proj\x64\Debug\Volume.obj
E:\projects\visual c++_projects\vs2012\TFSelection - 副本\proj\x64\Debug\VolumeLightingRender.obj
E:\projects\visual c++_projects\vs2012\TFSelection - 副本\proj\x64\Debug\VolumeLightingRender2DTF.obj
E:\projects\visual c++_projects\vs2012\TFSelection - 副本\proj\x64\Debug\VolumeRender.obj
E:\projects\visual c++_projects\vs2012\TFSelection - 副本\proj\x64\Debug\cl.command.1.tlog
E:\projects\visual c++_projects\vs2012\TFSelection - 副本\proj\x64\Debug\CL.read.1.tlog
E:\projects\visual c++_projects\vs2012\TFSelection - 副本\proj\x64\Debug\CL.write.1.tlog
E:\projects\visual c++_projects\vs2012\TFSelection - 副本\proj\x64\Debug\custombuild.command.1.tlog
E:\projects\visual c++_projects\vs2012\TFSelection - 副本\proj\x64\Debug\custombuild.read.1.tlog
E:\projects\visual c++_projects\vs2012\TFSelection - 副本\proj\x64\Debug\custombuild.write.1.tlog
E:\projects\visual c++_projects\vs2012\TFSelection - 副本\proj\x64\Debug\link-cvtres.read.1.tlog
E:\projects\visual c++_projects\vs2012\TFSelection - 副本\proj\x64\Debug\link-cvtres.write.1.tlog
E:\projects\visual c++_projects\vs2012\TFSelection - 副本\proj\x64\Debug\link-rc.read.1.tlog
E:\projects\visual c++_projects\vs2012\TFSelection - 副本\proj\x64\Debug\link-rc.write.1.tlog
E:\projects\visual c++_projects\vs2012\TFSelection - 副本\proj\x64\Debug\link.11408-cvtres.read.1.tlog
E:\projects\visual c++_projects\vs2012\TFSelection - 副本\proj\x64\Debug\link.11408-cvtres.write.1.tlog
E:\projects\visual c++_projects\vs2012\TFSelection - 副本\proj\x64\Debug\link.11408-rc.read.1.tlog
E:\projects\visual c++_projects\vs2012\TFSelection - 副本\proj\x64\Debug\link.11408-rc.write.1.tlog
E:\projects\visual c++_projects\vs2012\TFSelection - 副本\proj\x64\Debug\link.11408.read.1.tlog
E:\projects\visual c++_projects\vs2012\TFSelection - 副本\proj\x64\Debug\link.11408.write.1.tlog
E:\projects\visual c++_projects\vs2012\TFSelection - 副本\proj\x64\Debug\link.12008-cvtres.read.1.tlog
E:\projects\visual c++_projects\vs2012\TFSelection - 副本\proj\x64\Debug\link.12008-cvtres.write.1.tlog
E:\projects\visual c++_projects\vs2012\TFSelection - 副本\proj\x64\Debug\link.12008-rc.read.1.tlog
E:\projects\visual c++_projects\vs2012\TFSelection - 副本\proj\x64\Debug\link.12008-rc.write.1.tlog
E:\projects\visual c++_projects\vs2012\TFSelection - 副本\proj\x64\Debug\link.12008.read.1.tlog
E:\projects\visual c++_projects\vs2012\TFSelection - 副本\proj\x64\Debug\link.12008.write.1.tlog
E:\projects\visual c++_projects\vs2012\TFSelection - 副本\proj\x64\Debug\link.13912-cvtres.read.1.tlog
E:\projects\visual c++_projects\vs2012\TFSelection - 副本\proj\x64\Debug\link.13912-cvtres.write.1.tlog
E:\projects\visual c++_projects\vs2012\TFSelection - 副本\proj\x64\Debug\link.13912-rc.read.1.tlog
E:\projects\visual c++_projects\vs2012\TFSelection - 副本\proj\x64\Debug\link.13912-rc.write.1.tlog
E:\projects\visual c++_projects\vs2012\TFSelection - 副本\proj\x64\Debug\link.13912.read.1.tlog
E:\projects\visual c++_projects\vs2012\TFSelection - 副本\proj\x64\Debug\link.13912.write.1.tlog
E:\projects\visual c++_projects\vs2012\TFSelection - 副本\proj\x64\Debug\link.14020-cvtres.read.1.tlog
E:\projects\visual c++_projects\vs2012\TFSelection - 副本\proj\x64\Debug\link.14020-cvtres.write.1.tlog
E:\projects\visual c++_projects\vs2012\TFSelection - 副本\proj\x64\Debug\link.14020-rc.read.1.tlog
E:\projects\visual c++_projects\vs2012\TFSelection - 副本\proj\x64\Debug\link.14020-rc.write.1.tlog
E:\projects\visual c++_projects\vs2012\TFSelection - 副本\proj\x64\Debug\link.14020.read.1.tlog
E:\projects\visual c++_projects\vs2012\TFSelection - 副本\proj\x64\Debug\link.14020.write.1.tlog
E:\projects\visual c++_projects\vs2012\TFSelection - 副本\proj\x64\Debug\link.command.1.tlog
E:\projects\visual c++_projects\vs2012\TFSelection - 副本\proj\x64\Debug\link.read.1.tlog
E:\projects\visual c++_projects\vs2012\TFSelection - 副本\proj\x64\Debug\link.write.1.tlog
E:\projects\visual c++_projects\vs2012\TFSelection - 副本\proj\x64\Debug\rc.command.1.tlog
E:\projects\visual c++_projects\vs2012\TFSelection - 副本\proj\x64\Debug\rc.read.1.tlog
E:\projects\visual c++_projects\vs2012\TFSelection - 副本\proj\x64\Debug\rc.write.1.tlog
E:\projects\visual c++_projects\vs2012\TFSelection - 副本\proj\x64\Debug\SciVisFw.res
E:\projects\visual c++_projects\vs2012\TFSelection - 副本\proj\x64\Debug\SciVisFw.pdb
E:\projects\visual c++_projects\vs2012\TFSelection - 副本\proj\x64\Debug\vc110.pdb
