I:\PROJECT\FEATURETRACKING\TIME-VARYING VOLUME\PROJ\X64\DEBUG\CANVASBRUSHPICKER.OBJ
I:\PROJECT\FEATURETRACKING\TIME-VARYING VOLUME\PROJ\X64\DEBUG\TIMESELECT.OBJ
I:\PROJECT\FEATURETRACKING\TIME-VARYING VOLUME\PROJ\X64\DEBUG\MAIN.OBJ
I:\PROJECT\FEATURETRACKING\TIME-VARYING VOLUME\PROJ\X64\DEBUG\POSCALCULATOR.OBJ
I:\PROJECT\FEATURETRACKING\TIME-VARYING VOLUME\PROJ\X64\DEBUG\GRADIENTCALCULATOR.OBJ
I:\PROJECT\FEATURETRACKING\TIME-VARYING VOLUME\PROJ\X64\DEBUG\MOC_VOLUMELIGHTINGRENDER2DTF.OBJ
I:\PROJECT\FEATURETRACKING\TIME-VARYING VOLUME\PROJ\X64\DEBUG\MOC_VOLUMELIGHTINGRENDER.OBJ
I:\PROJECT\FEATURETRACKING\TIME-VARYING VOLUME\PROJ\X64\DEBUG\MOC_VIEWSPHERERENDER.OBJ
I:\PROJECT\FEATURETRACKING\TIME-VARYING VOLUME\PROJ\X64\DEBUG\MOC_VARSELECT_MAINWIN.OBJ
I:\PROJECT\FEATURETRACKING\TIME-VARYING VOLUME\PROJ\X64\DEBUG\MOC_TIMESELECT.OBJ
I:\PROJECT\FEATURETRACKING\TIME-VARYING VOLUME\PROJ\X64\DEBUG\MOC_SCATTERPLOTWIDGET.OBJ
I:\PROJECT\FEATURETRACKING\TIME-VARYING VOLUME\PROJ\X64\DEBUG\MOC_SCATTERPLOTMATRIX.OBJ
I:\PROJECT\FEATURETRACKING\TIME-VARYING VOLUME\PROJ\X64\DEBUG\MOC_SCATTERPLOTCALC.OBJ
I:\PROJECT\FEATURETRACKING\TIME-VARYING VOLUME\PROJ\X64\DEBUG\MOC_SCATTERPLOT.OBJ
I:\PROJECT\FEATURETRACKING\TIME-VARYING VOLUME\PROJ\X64\DEBUG\MOC_LIGHTPARAMETERWIDGET.OBJ
I:\PROJECT\FEATURETRACKING\TIME-VARYING VOLUME\PROJ\X64\DEBUG\MOC_HISTOGRAMPAINTER.OBJ
I:\PROJECT\FEATURETRACKING\TIME-VARYING VOLUME\PROJ\X64\DEBUG\MOC_EVOLUTIONGRAPHWIDGET.OBJ
I:\PROJECT\FEATURETRACKING\TIME-VARYING VOLUME\PROJ\X64\DEBUG\MOC_CANVASPOLYGONPICKER.OBJ
I:\PROJECT\FEATURETRACKING\TIME-VARYING VOLUME\PROJ\X64\DEBUG\MOC_CANVASPICKER.OBJ
I:\PROJECT\FEATURETRACKING\TIME-VARYING VOLUME\PROJ\X64\DEBUG\MOC_CANVASBRUSHPICKER.OBJ
I:\PROJECT\FEATURETRACKING\TIME-VARYING VOLUME\PROJ\X64\DEBUG\OBSERVER.OBJ
I:\PROJECT\FEATURETRACKING\TIME-VARYING VOLUME\PROJ\X64\DEBUG\LOG.OBJ
I:\PROJECT\FEATURETRACKING\TIME-VARYING VOLUME\PROJ\X64\DEBUG\FUNCTIONS.OBJ
I:\PROJECT\FEATURETRACKING\TIME-VARYING VOLUME\PROJ\X64\DEBUG\FUNC.MATRIX.OBJ
I:\PROJECT\FEATURETRACKING\TIME-VARYING VOLUME\PROJ\X64\DEBUG\FUNC.COLOR.OBJ
I:\PROJECT\FEATURETRACKING\TIME-VARYING VOLUME\PROJ\X64\DEBUG\FRAMEBUFFEROBJECT.OBJ
I:\PROJECT\FEATURETRACKING\TIME-VARYING VOLUME\PROJ\X64\DEBUG\CAMERA.OBJ
I:\PROJECT\FEATURETRACKING\TIME-VARYING VOLUME\PROJ\X64\DEBUG\ARCBALL.OBJ
I:\PROJECT\FEATURETRACKING\TIME-VARYING VOLUME\PROJ\X64\DEBUG\LIGHTPARAMETERWIDGET.OBJ
I:\PROJECT\FEATURETRACKING\TIME-VARYING VOLUME\PROJ\X64\DEBUG\INTENSITYHISTOGRAM.OBJ
I:\PROJECT\FEATURETRACKING\TIME-VARYING VOLUME\PROJ\X64\DEBUG\HISTOGRAMPAINTER.OBJ
I:\PROJECT\FEATURETRACKING\TIME-VARYING VOLUME\PROJ\X64\DEBUG\VOLUMELIGHTINGRENDER.OBJ
I:\PROJECT\FEATURETRACKING\TIME-VARYING VOLUME\PROJ\X64\DEBUG\VOLUMELIGHTINGRENDER2DTF.OBJ
I:\PROJECT\FEATURETRACKING\TIME-VARYING VOLUME\PROJ\X64\DEBUG\VARSELECT_MAINWIN.OBJ
I:\PROJECT\FEATURETRACKING\TIME-VARYING VOLUME\PROJ\X64\DEBUG\SCATTERPLOTMATRIX.OBJ
I:\PROJECT\FEATURETRACKING\TIME-VARYING VOLUME\PROJ\X64\DEBUG\SCATTERPLOT.OBJ
I:\PROJECT\FEATURETRACKING\TIME-VARYING VOLUME\PROJ\X64\DEBUG\SCATTERPLOTCALC.OBJ
I:\PROJECT\FEATURETRACKING\TIME-VARYING VOLUME\PROJ\X64\DEBUG\SCATTERPLOTWIDGET.OBJ
I:\PROJECT\FEATURETRACKING\TIME-VARYING VOLUME\PROJ\X64\DEBUG\EVOLUTIONGRAPHWIDGET.OBJ
I:\PROJECT\FEATURETRACKING\TIME-VARYING VOLUME\PROJ\X64\DEBUG\CANVASPOLYGONPICKER.OBJ
I:\PROJECT\FEATURETRACKING\TIME-VARYING VOLUME\PROJ\X64\DEBUG\CHEALPIX.OBJ
I:\PROJECT\FEATURETRACKING\TIME-VARYING VOLUME\PROJ\X64\DEBUG\MOC_VOLUMERENDER.OBJ
I:\PROJECT\FEATURETRACKING\TIME-VARYING VOLUME\PROJ\X64\DEBUG\MOC_TF1DWIDGET.OBJ
I:\PROJECT\FEATURETRACKING\TIME-VARYING VOLUME\PROJ\X64\DEBUG\MOC_TF1DCANVAS.OBJ
I:\PROJECT\FEATURETRACKING\TIME-VARYING VOLUME\PROJ\X64\DEBUG\MOC_QGLCANVAS.OBJ
I:\PROJECT\FEATURETRACKING\TIME-VARYING VOLUME\PROJ\X64\DEBUG\MOC_MAINWIN.OBJ
I:\PROJECT\FEATURETRACKING\TIME-VARYING VOLUME\PROJ\X64\DEBUG\TF1DWIDGET.OBJ
I:\PROJECT\FEATURETRACKING\TIME-VARYING VOLUME\PROJ\X64\DEBUG\TF1DCANVAS.OBJ
I:\PROJECT\FEATURETRACKING\TIME-VARYING VOLUME\PROJ\X64\DEBUG\TF1D.OBJ
I:\PROJECT\FEATURETRACKING\TIME-VARYING VOLUME\PROJ\X64\DEBUG\VOLUME.OBJ
I:\PROJECT\FEATURETRACKING\TIME-VARYING VOLUME\PROJ\X64\DEBUG\QGLCANVAS.OBJ
I:\PROJECT\FEATURETRACKING\TIME-VARYING VOLUME\PROJ\X64\DEBUG\MAINWIN.OBJ
I:\PROJECT\FEATURETRACKING\TIME-VARYING VOLUME\PROJ\X64\DEBUG\CAMERALINK.OBJ
I:\PROJECT\FEATURETRACKING\TIME-VARYING VOLUME\PROJ\X64\DEBUG\VOLUMERENDER.OBJ
I:\PROJECT\FEATURETRACKING\TIME-VARYING VOLUME\PROJ\X64\DEBUG\VIEWSPHERERENDER.OBJ
I:\PROJECT\FEATURETRACKING\TIME-VARYING VOLUME\PROJ\X64\DEBUG\TEXTURE.OBJ
I:\PROJECT\FEATURETRACKING\TIME-VARYING VOLUME\PROJ\X64\DEBUG\SHADERPROGRAM.OBJ
I:\PROJECT\FEATURETRACKING\TIME-VARYING VOLUME\PROJ\X64\DEBUG\SHADER.OBJ
I:\PROJECT\FEATURETRACKING\TIME-VARYING VOLUME\PROJ\X64\DEBUG\QUATERNION.OBJ
I:\PROJECT\FEATURETRACKING\TIME-VARYING VOLUME\PROJ\X64\DEBUG\VC110.PDB
I:\PROJECT\FEATURETRACKING\TIME-VARYING VOLUME\PROJ\X64\DEBUG\QRC_MAINWIN.OBJ
I:\PROJECT\FEATURETRACKING\TIME-VARYING VOLUME\PROJ\GENERATEDFILES\DEBUG\MOC_LIGHTPARAMETERWIDGET.CPP
I:\PROJECT\FEATURETRACKING\TIME-VARYING VOLUME\PROJ\GENERATEDFILES\DEBUG\MOC_VOLUMELIGHTINGRENDER.CPP
I:\PROJECT\FEATURETRACKING\TIME-VARYING VOLUME\PROJ\GENERATEDFILES\DEBUG\MOC_VIEWSPHERERENDER.CPP
I:\PROJECT\FEATURETRACKING\TIME-VARYING VOLUME\PROJ\GENERATEDFILES\DEBUG\MOC_HISTOGRAMPAINTER.CPP
I:\PROJECT\FEATURETRACKING\TIME-VARYING VOLUME\PROJ\GENERATEDFILES\DEBUG\MOC_MAINWIN.CPP
I:\PROJECT\FEATURETRACKING\TIME-VARYING VOLUME\PROJ\GENERATEDFILES\DEBUG\MOC_QGLCANVAS.CPP
I:\PROJECT\FEATURETRACKING\TIME-VARYING VOLUME\PROJ\GENERATEDFILES\DEBUG\MOC_VOLUMERENDER.CPP
I:\PROJECT\FEATURETRACKING\TIME-VARYING VOLUME\PROJ\GENERATEDFILES\DEBUG\MOC_TF1DCANVAS.CPP
I:\PROJECT\FEATURETRACKING\TIME-VARYING VOLUME\PROJ\GENERATEDFILES\DEBUG\MOC_TF1DWIDGET.CPP
I:\PROJECT\FEATURETRACKING\TIME-VARYING VOLUME\PROJ\GENERATEDFILES\UI_TF1DWIDGET.H
I:\PROJECT\FEATURETRACKING\TIME-VARYING VOLUME\PROJ\GENERATEDFILES\QRC_MAINWIN.CPP
I:\PROJECT\FEATURETRACKING\TIME-VARYING VOLUME\PROJ\GENERATEDFILES\UI_LIGHTPARAMETERWIDGET.H
I:\PROJECT\FEATURETRACKING\TIME-VARYING VOLUME\PROJ\GENERATEDFILES\DEBUG\MOC_SCATTERPLOTWIDGET.CPP
I:\PROJECT\FEATURETRACKING\TIME-VARYING VOLUME\PROJ\GENERATEDFILES\DEBUG\MOC_SCATTERPLOTMATRIX.CPP
I:\PROJECT\FEATURETRACKING\TIME-VARYING VOLUME\PROJ\GENERATEDFILES\DEBUG\MOC_VARSELECT_MAINWIN.CPP
I:\PROJECT\FEATURETRACKING\TIME-VARYING VOLUME\PROJ\GENERATEDFILES\DEBUG\MOC_SCATTERPLOTCALC.CPP
I:\PROJECT\FEATURETRACKING\TIME-VARYING VOLUME\PROJ\GENERATEDFILES\DEBUG\MOC_CANVASBRUSHPICKER.CPP
I:\PROJECT\FEATURETRACKING\TIME-VARYING VOLUME\PROJ\GENERATEDFILES\DEBUG\MOC_SCATTERPLOT.CPP
I:\PROJECT\FEATURETRACKING\TIME-VARYING VOLUME\PROJ\GENERATEDFILES\DEBUG\MOC_CANVASPOLYGONPICKER.CPP
I:\PROJECT\FEATURETRACKING\TIME-VARYING VOLUME\PROJ\GENERATEDFILES\DEBUG\MOC_CANVASPICKER.CPP
I:\PROJECT\FEATURETRACKING\TIME-VARYING VOLUME\PROJ\GENERATEDFILES\DEBUG\MOC_TIMESELECT.CPP
I:\PROJECT\FEATURETRACKING\TIME-VARYING VOLUME\PROJ\GENERATEDFILES\DEBUG\MOC_EVOLUTIONGRAPHWIDGET.CPP
I:\PROJECT\FEATURETRACKING\TIME-VARYING VOLUME\PROJ\GENERATEDFILES\DEBUG\MOC_VOLUMELIGHTINGRENDER2DTF.CPP
I:\PROJECT\FEATURETRACKING\TIME-VARYING VOLUME\PROJ\X64\DEBUG\TIME-VARYING VOLUME.ILK
I:\PROJECT\FEATURETRACKING\TIME-VARYING VOLUME\PROJ\X64\DEBUG\TIME-VARYING VOLUME.EXE
I:\PROJECT\FEATURETRACKING\TIME-VARYING VOLUME\PROJ\X64\DEBUG\TIME-VARYING VOLUME.PDB
I:\PROJECT\FEATURETRACKING\TIME-VARYING VOLUME\PROJ\X64\DEBUG\SCIVISFW.RES
I:\project\featuretracking\Time-Varying Volume\proj\x64\Debug\ArcBall.obj
I:\project\featuretracking\Time-Varying Volume\proj\x64\Debug\Camera.obj
I:\project\featuretracking\Time-Varying Volume\proj\x64\Debug\CameraLink.obj
I:\project\featuretracking\Time-Varying Volume\proj\x64\Debug\CanvasBrushPicker.obj
I:\project\featuretracking\Time-Varying Volume\proj\x64\Debug\CanvasPolygonPicker.obj
I:\project\featuretracking\Time-Varying Volume\proj\x64\Debug\chealpix.obj
I:\project\featuretracking\Time-Varying Volume\proj\x64\Debug\EvolutionGraphWidget.obj
I:\project\featuretracking\Time-Varying Volume\proj\x64\Debug\framebufferObject.obj
I:\project\featuretracking\Time-Varying Volume\proj\x64\Debug\func.color.obj
I:\project\featuretracking\Time-Varying Volume\proj\x64\Debug\func.matrix.obj
I:\project\featuretracking\Time-Varying Volume\proj\x64\Debug\Functions.obj
I:\project\featuretracking\Time-Varying Volume\proj\x64\Debug\GradientCalculator.obj
I:\project\featuretracking\Time-Varying Volume\proj\x64\Debug\HistogramPainter.obj
I:\project\featuretracking\Time-Varying Volume\proj\x64\Debug\IntensityHistogram.obj
I:\project\featuretracking\Time-Varying Volume\proj\x64\Debug\LightParameterWidget.obj
I:\project\featuretracking\Time-Varying Volume\proj\x64\Debug\log.obj
I:\project\featuretracking\Time-Varying Volume\proj\x64\Debug\main.obj
I:\project\featuretracking\Time-Varying Volume\proj\x64\Debug\MainWin.obj
I:\project\featuretracking\Time-Varying Volume\proj\x64\Debug\moc_CanvasBrushPicker.obj
I:\project\featuretracking\Time-Varying Volume\proj\x64\Debug\moc_CanvasPicker.obj
I:\project\featuretracking\Time-Varying Volume\proj\x64\Debug\moc_CanvasPolygonPicker.obj
I:\project\featuretracking\Time-Varying Volume\proj\x64\Debug\moc_EvolutionGraphWidget.obj
I:\project\featuretracking\Time-Varying Volume\proj\x64\Debug\moc_HistogramPainter.obj
I:\project\featuretracking\Time-Varying Volume\proj\x64\Debug\moc_LightParameterWidget.obj
I:\project\featuretracking\Time-Varying Volume\proj\x64\Debug\moc_mainwin.obj
I:\project\featuretracking\Time-Varying Volume\proj\x64\Debug\moc_QGLCanvas.obj
I:\project\featuretracking\Time-Varying Volume\proj\x64\Debug\moc_ScatterPlot.obj
I:\project\featuretracking\Time-Varying Volume\proj\x64\Debug\moc_ScatterPlotCalc.obj
I:\project\featuretracking\Time-Varying Volume\proj\x64\Debug\moc_ScatterPlotMatrix.obj
I:\project\featuretracking\Time-Varying Volume\proj\x64\Debug\moc_ScatterPlotWidget.obj
I:\project\featuretracking\Time-Varying Volume\proj\x64\Debug\moc_TF1DCanvas.obj
I:\project\featuretracking\Time-Varying Volume\proj\x64\Debug\moc_TF1DWidget.obj
I:\project\featuretracking\Time-Varying Volume\proj\x64\Debug\moc_timeSelect.obj
I:\project\featuretracking\Time-Varying Volume\proj\x64\Debug\moc_VarSelect_MainWin.obj
I:\project\featuretracking\Time-Varying Volume\proj\x64\Debug\moc_ViewSphereRender.obj
I:\project\featuretracking\Time-Varying Volume\proj\x64\Debug\moc_VolumeLightingRender.obj
I:\project\featuretracking\Time-Varying Volume\proj\x64\Debug\moc_VolumeLightingRender2DTF.obj
I:\project\featuretracking\Time-Varying Volume\proj\x64\Debug\moc_VolumeRender.obj
I:\project\featuretracking\Time-Varying Volume\proj\x64\Debug\observer.obj
I:\project\featuretracking\Time-Varying Volume\proj\x64\Debug\PosCalculator.obj
I:\project\featuretracking\Time-Varying Volume\proj\x64\Debug\QGLCanvas.obj
I:\project\featuretracking\Time-Varying Volume\proj\x64\Debug\qrc_mainwin.obj
I:\project\featuretracking\Time-Varying Volume\proj\x64\Debug\Quaternion.obj
I:\project\featuretracking\Time-Varying Volume\proj\x64\Debug\ScatterPlot.obj
I:\project\featuretracking\Time-Varying Volume\proj\x64\Debug\ScatterPlotCalc.obj
I:\project\featuretracking\Time-Varying Volume\proj\x64\Debug\ScatterPlotMatrix.obj
I:\project\featuretracking\Time-Varying Volume\proj\x64\Debug\ScatterPlotWidget.obj
I:\project\featuretracking\Time-Varying Volume\proj\x64\Debug\Shader.obj
I:\project\featuretracking\Time-Varying Volume\proj\x64\Debug\ShaderProgram.obj
I:\project\featuretracking\Time-Varying Volume\proj\x64\Debug\Texture.obj
I:\project\featuretracking\Time-Varying Volume\proj\x64\Debug\TF1D.obj
I:\project\featuretracking\Time-Varying Volume\proj\x64\Debug\TF1DCanvas.obj
I:\project\featuretracking\Time-Varying Volume\proj\x64\Debug\TF1DWidget.obj
I:\project\featuretracking\Time-Varying Volume\proj\x64\Debug\timeSelect.obj
I:\project\featuretracking\Time-Varying Volume\proj\x64\Debug\VarSelect_MainWin.obj
I:\project\featuretracking\Time-Varying Volume\proj\x64\Debug\ViewSphereRender.obj
I:\project\featuretracking\Time-Varying Volume\proj\x64\Debug\Volume.obj
I:\project\featuretracking\Time-Varying Volume\proj\x64\Debug\VolumeLightingRender.obj
I:\project\featuretracking\Time-Varying Volume\proj\x64\Debug\VolumeLightingRender2DTF.obj
I:\project\featuretracking\Time-Varying Volume\proj\x64\Debug\VolumeRender.obj
I:\project\featuretracking\Time-Varying Volume\proj\x64\Debug\featureTracking.ilk
I:\project\featuretracking\Time-Varying Volume\proj\x64\Debug\Time-Varying Volume.ilk
I:\project\featuretracking\Time-Varying Volume\proj\x64\Debug\cl.command.1.tlog
I:\project\featuretracking\Time-Varying Volume\proj\x64\Debug\CL.read.1.tlog
I:\project\featuretracking\Time-Varying Volume\proj\x64\Debug\CL.write.1.tlog
I:\project\featuretracking\Time-Varying Volume\proj\x64\Debug\custombuild.command.1.tlog
I:\project\featuretracking\Time-Varying Volume\proj\x64\Debug\custombuild.read.1.tlog
I:\project\featuretracking\Time-Varying Volume\proj\x64\Debug\custombuild.write.1.tlog
I:\project\featuretracking\Time-Varying Volume\proj\x64\Debug\link-cvtres.read.1.tlog
I:\project\featuretracking\Time-Varying Volume\proj\x64\Debug\link-cvtres.write.1.tlog
I:\project\featuretracking\Time-Varying Volume\proj\x64\Debug\link-rc.read.1.tlog
I:\project\featuretracking\Time-Varying Volume\proj\x64\Debug\link-rc.write.1.tlog
I:\project\featuretracking\Time-Varying Volume\proj\x64\Debug\link.16736-cvtres.read.1.tlog
I:\project\featuretracking\Time-Varying Volume\proj\x64\Debug\link.16736-cvtres.write.1.tlog
I:\project\featuretracking\Time-Varying Volume\proj\x64\Debug\link.16736-rc.read.1.tlog
I:\project\featuretracking\Time-Varying Volume\proj\x64\Debug\link.16736-rc.write.1.tlog
I:\project\featuretracking\Time-Varying Volume\proj\x64\Debug\link.16736.read.1.tlog
I:\project\featuretracking\Time-Varying Volume\proj\x64\Debug\link.16736.write.1.tlog
I:\project\featuretracking\Time-Varying Volume\proj\x64\Debug\link.1992-cvtres.read.1.tlog
I:\project\featuretracking\Time-Varying Volume\proj\x64\Debug\link.1992-cvtres.write.1.tlog
I:\project\featuretracking\Time-Varying Volume\proj\x64\Debug\link.1992-rc.read.1.tlog
I:\project\featuretracking\Time-Varying Volume\proj\x64\Debug\link.1992-rc.write.1.tlog
I:\project\featuretracking\Time-Varying Volume\proj\x64\Debug\link.1992.read.1.tlog
I:\project\featuretracking\Time-Varying Volume\proj\x64\Debug\link.1992.write.1.tlog
I:\project\featuretracking\Time-Varying Volume\proj\x64\Debug\link.3904-cvtres.read.1.tlog
I:\project\featuretracking\Time-Varying Volume\proj\x64\Debug\link.3904-cvtres.write.1.tlog
I:\project\featuretracking\Time-Varying Volume\proj\x64\Debug\link.3904-rc.read.1.tlog
I:\project\featuretracking\Time-Varying Volume\proj\x64\Debug\link.3904-rc.write.1.tlog
I:\project\featuretracking\Time-Varying Volume\proj\x64\Debug\link.3904.read.1.tlog
I:\project\featuretracking\Time-Varying Volume\proj\x64\Debug\link.3904.write.1.tlog
I:\project\featuretracking\Time-Varying Volume\proj\x64\Debug\link.412-cvtres.read.1.tlog
I:\project\featuretracking\Time-Varying Volume\proj\x64\Debug\link.412-cvtres.write.1.tlog
I:\project\featuretracking\Time-Varying Volume\proj\x64\Debug\link.412-rc.read.1.tlog
I:\project\featuretracking\Time-Varying Volume\proj\x64\Debug\link.412-rc.write.1.tlog
I:\project\featuretracking\Time-Varying Volume\proj\x64\Debug\link.412.read.1.tlog
I:\project\featuretracking\Time-Varying Volume\proj\x64\Debug\link.412.write.1.tlog
I:\project\featuretracking\Time-Varying Volume\proj\x64\Debug\link.5024-cvtres.read.1.tlog
I:\project\featuretracking\Time-Varying Volume\proj\x64\Debug\link.5024-cvtres.write.1.tlog
I:\project\featuretracking\Time-Varying Volume\proj\x64\Debug\link.5024-rc.read.1.tlog
I:\project\featuretracking\Time-Varying Volume\proj\x64\Debug\link.5024-rc.write.1.tlog
I:\project\featuretracking\Time-Varying Volume\proj\x64\Debug\link.5024.read.1.tlog
I:\project\featuretracking\Time-Varying Volume\proj\x64\Debug\link.5024.write.1.tlog
I:\project\featuretracking\Time-Varying Volume\proj\x64\Debug\link.8456-cvtres.read.1.tlog
I:\project\featuretracking\Time-Varying Volume\proj\x64\Debug\link.8456-cvtres.write.1.tlog
I:\project\featuretracking\Time-Varying Volume\proj\x64\Debug\link.8456-rc.read.1.tlog
I:\project\featuretracking\Time-Varying Volume\proj\x64\Debug\link.8456-rc.write.1.tlog
I:\project\featuretracking\Time-Varying Volume\proj\x64\Debug\link.8456.read.1.tlog
I:\project\featuretracking\Time-Varying Volume\proj\x64\Debug\link.8456.write.1.tlog
I:\project\featuretracking\Time-Varying Volume\proj\x64\Debug\link.command.1.tlog
I:\project\featuretracking\Time-Varying Volume\proj\x64\Debug\link.read.1.tlog
I:\project\featuretracking\Time-Varying Volume\proj\x64\Debug\link.write.1.tlog
I:\project\featuretracking\Time-Varying Volume\proj\x64\Debug\rc.command.1.tlog
I:\project\featuretracking\Time-Varying Volume\proj\x64\Debug\rc.read.1.tlog
I:\project\featuretracking\Time-Varying Volume\proj\x64\Debug\rc.write.1.tlog
I:\project\featuretracking\Time-Varying Volume\proj\x64\Debug\SciVisFw.res
I:\project\featuretracking\Time-Varying Volume\proj\x64\Debug\featureTracking.pdb
I:\project\featuretracking\Time-Varying Volume\proj\x64\Debug\Time-Varying Volume.pdb
I:\project\featuretracking\Time-Varying Volume\proj\x64\Debug\vc110.pdb
I:\project\featuretracking\Time-Varying Volume\proj\x64\Debug\Time-Varying Volume.exe
