I:\PROJECT\FEATURETRACKING\TIME-VARYING VOLUME\FEATURETRACKING\X64\DEBUG\QUATERNION.OBJ
I:\PROJECT\FEATURETRACKING\TIME-VARYING VOLUME\FEATURETRACKING\X64\DEBUG\OBSERVER.OBJ
I:\PROJECT\FEATURETRACKING\TIME-VARYING VOLUME\FEATURETRACKING\X64\DEBUG\LOG.OBJ
I:\PROJECT\FEATURETRACKING\TIME-VARYING VOLUME\FEATURETRACKING\X64\DEBUG\FUNCTIONS.OBJ
I:\PROJECT\FEATURETRACKING\TIME-VARYING VOLUME\FEATURETRACKING\X64\DEBUG\FUNC.MATRIX.OBJ
I:\PROJECT\FEATURETRACKING\TIME-VARYING VOLUME\FEATURETRACKING\X64\DEBUG\FUNC.COLOR.OBJ
I:\PROJECT\FEATURETRACKING\TIME-VARYING VOLUME\FEATURETRACKING\X64\DEBUG\VOLUME.OBJ
I:\PROJECT\FEATURETRACKING\TIME-VARYING VOLUME\FEATURETRACKING\X64\DEBUG\POSCALCULATOR.OBJ
I:\PROJECT\FEATURETRACKING\TIME-VARYING VOLUME\FEATURETRACKING\X64\DEBUG\DAG.OBJ
I:\PROJECT\FEATURETRACKING\TIME-VARYING VOLUME\FEATURETRACKING\X64\DEBUG\MAIN.OBJ
I:\PROJECT\FEATURETRACKING\TIME-VARYING VOLUME\FEATURETRACKING\X64\DEBUG\MOC_FEATURETRACKING.OBJ
I:\PROJECT\FEATURETRACKING\TIME-VARYING VOLUME\FEATURETRACKING\X64\DEBUG\FEATURETRACKING.OBJ
I:\PROJECT\FEATURETRACKING\TIME-VARYING VOLUME\FEATURETRACKING\X64\DEBUG\VC110.PDB
I:\PROJECT\FEATURETRACKING\TIME-VARYING VOLUME\FEATURETRACKING\X64\DEBUG\QRC_FEATURETRACKING.OBJ
I:\PROJECT\FEATURETRACKING\TIME-VARYING VOLUME\FEATURETRACKING\GENERATEDFILES\DEBUG\MOC_FEATURETRACKING.CPP
I:\PROJECT\FEATURETRACKING\TIME-VARYING VOLUME\FEATURETRACKING\GENERATEDFILES\QRC_FEATURETRACKING.CPP
I:\PROJECT\FEATURETRACKING\TIME-VARYING VOLUME\FEATURETRACKING\GENERATEDFILES\UI_FEATURETRACKING.H
I:\PROJECT\FEATURETRACKING\TIME-VARYING VOLUME\PROJ\X64\DEBUG\FEATURETRACKING.ILK
I:\PROJECT\FEATURETRACKING\TIME-VARYING VOLUME\PROJ\X64\DEBUG\FEATURETRACKING.EXE
I:\PROJECT\FEATURETRACKING\TIME-VARYING VOLUME\PROJ\X64\DEBUG\FEATURETRACKING.PDB
I:\project\featuretracking\Time-Varying Volume\featureTracking\x64\Debug\dag.obj
I:\project\featuretracking\Time-Varying Volume\featureTracking\x64\Debug\featuretracking.obj
I:\project\featuretracking\Time-Varying Volume\featureTracking\x64\Debug\func.color.obj
I:\project\featuretracking\Time-Varying Volume\featureTracking\x64\Debug\func.matrix.obj
I:\project\featuretracking\Time-Varying Volume\featureTracking\x64\Debug\Functions.obj
I:\project\featuretracking\Time-Varying Volume\featureTracking\x64\Debug\log.obj
I:\project\featuretracking\Time-Varying Volume\featureTracking\x64\Debug\main.obj
I:\project\featuretracking\Time-Varying Volume\featureTracking\x64\Debug\moc_featuretracking.obj
I:\project\featuretracking\Time-Varying Volume\featureTracking\x64\Debug\observer.obj
I:\project\featuretracking\Time-Varying Volume\featureTracking\x64\Debug\PosCalculator.obj
I:\project\featuretracking\Time-Varying Volume\featureTracking\x64\Debug\qrc_featuretracking.obj
I:\project\featuretracking\Time-Varying Volume\featureTracking\x64\Debug\Quaternion.obj
I:\project\featuretracking\Time-Varying Volume\featureTracking\x64\Debug\Volume.obj
I:\project\featuretracking\Time-Varying Volume\featureTracking\x64\Debug\cl.command.1.tlog
I:\project\featuretracking\Time-Varying Volume\featureTracking\x64\Debug\CL.read.1.tlog
I:\project\featuretracking\Time-Varying Volume\featureTracking\x64\Debug\CL.write.1.tlog
I:\project\featuretracking\Time-Varying Volume\featureTracking\x64\Debug\custombuild.command.1.tlog
I:\project\featuretracking\Time-Varying Volume\featureTracking\x64\Debug\custombuild.read.1.tlog
I:\project\featuretracking\Time-Varying Volume\featureTracking\x64\Debug\custombuild.write.1.tlog
I:\project\featuretracking\Time-Varying Volume\featureTracking\x64\Debug\link-cvtres.read.1.tlog
I:\project\featuretracking\Time-Varying Volume\featureTracking\x64\Debug\link-cvtres.write.1.tlog
I:\project\featuretracking\Time-Varying Volume\featureTracking\x64\Debug\link-rc.read.1.tlog
I:\project\featuretracking\Time-Varying Volume\featureTracking\x64\Debug\link-rc.write.1.tlog
I:\project\featuretracking\Time-Varying Volume\featureTracking\x64\Debug\link.10500-cvtres.read.1.tlog
I:\project\featuretracking\Time-Varying Volume\featureTracking\x64\Debug\link.10500-cvtres.write.1.tlog
I:\project\featuretracking\Time-Varying Volume\featureTracking\x64\Debug\link.10500-rc.read.1.tlog
I:\project\featuretracking\Time-Varying Volume\featureTracking\x64\Debug\link.10500-rc.write.1.tlog
I:\project\featuretracking\Time-Varying Volume\featureTracking\x64\Debug\link.10500.read.1.tlog
I:\project\featuretracking\Time-Varying Volume\featureTracking\x64\Debug\link.10500.write.1.tlog
I:\project\featuretracking\Time-Varying Volume\featureTracking\x64\Debug\link.4412-cvtres.read.1.tlog
I:\project\featuretracking\Time-Varying Volume\featureTracking\x64\Debug\link.4412-cvtres.write.1.tlog
I:\project\featuretracking\Time-Varying Volume\featureTracking\x64\Debug\link.4412-rc.read.1.tlog
I:\project\featuretracking\Time-Varying Volume\featureTracking\x64\Debug\link.4412-rc.write.1.tlog
I:\project\featuretracking\Time-Varying Volume\featureTracking\x64\Debug\link.4412.read.1.tlog
I:\project\featuretracking\Time-Varying Volume\featureTracking\x64\Debug\link.4412.write.1.tlog
I:\project\featuretracking\Time-Varying Volume\featureTracking\x64\Debug\link.5388-cvtres.read.1.tlog
I:\project\featuretracking\Time-Varying Volume\featureTracking\x64\Debug\link.5388-cvtres.write.1.tlog
I:\project\featuretracking\Time-Varying Volume\featureTracking\x64\Debug\link.5388-rc.read.1.tlog
I:\project\featuretracking\Time-Varying Volume\featureTracking\x64\Debug\link.5388-rc.write.1.tlog
I:\project\featuretracking\Time-Varying Volume\featureTracking\x64\Debug\link.5388.read.1.tlog
I:\project\featuretracking\Time-Varying Volume\featureTracking\x64\Debug\link.5388.write.1.tlog
I:\project\featuretracking\Time-Varying Volume\featureTracking\x64\Debug\link.6312-cvtres.read.1.tlog
I:\project\featuretracking\Time-Varying Volume\featureTracking\x64\Debug\link.6312-cvtres.write.1.tlog
I:\project\featuretracking\Time-Varying Volume\featureTracking\x64\Debug\link.6312-rc.read.1.tlog
I:\project\featuretracking\Time-Varying Volume\featureTracking\x64\Debug\link.6312-rc.write.1.tlog
I:\project\featuretracking\Time-Varying Volume\featureTracking\x64\Debug\link.6312.read.1.tlog
I:\project\featuretracking\Time-Varying Volume\featureTracking\x64\Debug\link.6312.write.1.tlog
I:\project\featuretracking\Time-Varying Volume\featureTracking\x64\Debug\link.8800-cvtres.read.1.tlog
I:\project\featuretracking\Time-Varying Volume\featureTracking\x64\Debug\link.8800-cvtres.write.1.tlog
I:\project\featuretracking\Time-Varying Volume\featureTracking\x64\Debug\link.8800-rc.read.1.tlog
I:\project\featuretracking\Time-Varying Volume\featureTracking\x64\Debug\link.8800-rc.write.1.tlog
I:\project\featuretracking\Time-Varying Volume\featureTracking\x64\Debug\link.8800.read.1.tlog
I:\project\featuretracking\Time-Varying Volume\featureTracking\x64\Debug\link.8800.write.1.tlog
I:\project\featuretracking\Time-Varying Volume\featureTracking\x64\Debug\link.command.1.tlog
I:\project\featuretracking\Time-Varying Volume\featureTracking\x64\Debug\link.read.1.tlog
I:\project\featuretracking\Time-Varying Volume\featureTracking\x64\Debug\link.write.1.tlog
I:\project\featuretracking\Time-Varying Volume\featureTracking\x64\Debug\vc110.pdb
I:\project\featuretracking\Time-Varying Volume\proj\x64\Debug\featureTracking.exe
